2022-06-14 13:11:42.565  INFO 10828 --- [main] t.e.spring.services.EmployeServiceTest   : Starting EmployeServiceTest on DESKTOP-N8TLM9B with PID 10828 (started by gtari in C:\Users\gtari\OneDrive\Bureau\Timesheet-spring-boot-core-data-jpa-mvc-REST-1)
2022-06-14 13:11:42.565  INFO 10828 --- [main] t.e.spring.services.EmployeServiceTest   : No active profile set, falling back to default profiles: default
2022-06-14 13:11:43.431  INFO 10828 --- [main] .s.d.r.c.RepositoryConfigurationDelegate : Bootstrapping Spring Data repositories in DEFAULT mode.
2022-06-14 13:11:43.540  INFO 10828 --- [main] .s.d.r.c.RepositoryConfigurationDelegate : Finished Spring Data repository scanning in 94ms. Found 6 repository interfaces.
2022-06-14 13:11:44.040  INFO 10828 --- [main] trationDelegate$BeanPostProcessorChecker : Bean 'org.springframework.transaction.annotation.ProxyTransactionManagementConfiguration' of type [org.springframework.transaction.annotation.ProxyTransactionManagementConfiguration$$EnhancerBySpringCGLIB$$893dc7bc] is not eligible for getting processed by all BeanPostProcessors (for example: not eligible for auto-proxying)
2022-06-14 13:11:44.275  INFO 10828 --- [main] com.zaxxer.hikari.HikariDataSource       : HikariPool-1 - Starting...
2022-06-14 13:11:44.493  INFO 10828 --- [main] com.zaxxer.hikari.HikariDataSource       : HikariPool-1 - Start completed.
2022-06-14 13:11:44.587  INFO 10828 --- [main] o.hibernate.jpa.internal.util.LogHelper  : HHH000204: Processing PersistenceUnitInfo [
	name: default
	...]
2022-06-14 13:11:44.665  INFO 10828 --- [main] org.hibernate.Version                    : HHH000412: Hibernate Core {5.3.9.Final}
2022-06-14 13:11:44.665  INFO 10828 --- [main] org.hibernate.cfg.Environment            : HHH000206: hibernate.properties not found
2022-06-14 13:11:44.821  INFO 10828 --- [main] o.hibernate.annotations.common.Version   : HCANN000001: Hibernate Commons Annotations {5.0.4.Final}
2022-06-14 13:11:45.230  INFO 10828 --- [main] org.hibernate.dialect.Dialect            : HHH000400: Using dialect: org.hibernate.dialect.H2Dialect
2022-06-14 13:11:45.887  INFO 10828 --- [main] org.hibernate.tuple.PojoInstantiator     : HHH000182: No default (no-argument) constructor for class: tn.esprit.spring.entities.Departement (class must be instantiated by Interceptor)
2022-06-14 13:11:46.090  INFO 10828 --- [main] o.h.t.schema.internal.SchemaCreatorImpl  : HHH000476: Executing import script 'org.hibernate.tool.schema.internal.exec.ScriptSourceInputNonExistentImpl@55c1ced9'
2022-06-14 13:11:46.090  INFO 10828 --- [main] j.LocalContainerEntityManagerFactoryBean : Initialized JPA EntityManagerFactory for persistence unit 'default'
2022-06-14 13:11:46.480  INFO 10828 --- [main] o.h.h.i.QueryTranslatorFactoryInitiator  : HHH000397: Using ASTQueryTranslatorFactory
2022-06-14 13:11:47.805  INFO 10828 --- [main] o.s.s.concurrent.ThreadPoolTaskExecutor  : Initializing ExecutorService 'applicationTaskExecutor'
2022-06-14 13:11:47.884  WARN 10828 --- [main] aWebConfiguration$JpaWebMvcConfiguration : spring.jpa.open-in-view is enabled by default. Therefore, database queries may be performed during view rendering. Explicitly configure spring.jpa.open-in-view to disable this warning
2022-06-14 13:11:48.337  INFO 10828 --- [main] t.e.spring.services.EmployeServiceTest   : Started EmployeServiceTest in 6.147 seconds (JVM running for 7.131)
2022-06-14 13:11:48.634  INFO 10828 --- [Thread-2] o.s.s.concurrent.ThreadPoolTaskExecutor  : Shutting down ExecutorService 'applicationTaskExecutor'
2022-06-14 13:11:48.634  INFO 10828 --- [Thread-2] j.LocalContainerEntityManagerFactoryBean : Closing JPA EntityManagerFactory for persistence unit 'default'
2022-06-14 13:11:48.634  INFO 10828 --- [Thread-2] .SchemaDropperImpl$DelayedDropActionImpl : HHH000477: Starting delayed evictData of schema as part of SessionFactory shut-down'
2022-06-14 13:11:48.649  INFO 10828 --- [Thread-2] com.zaxxer.hikari.HikariDataSource       : HikariPool-1 - Shutdown initiated...
2022-06-14 13:11:48.649  INFO 10828 --- [Thread-2] com.zaxxer.hikari.HikariDataSource       : HikariPool-1 - Shutdown completed.
